"../../../Engine/Content/EngineMaterials/T_Default_Material_Grid_N.uasset" 0
"../../../Engine/Content/EngineMaterials/T_Default_Material_Grid_N.uexp" 1
"../../../Engine/Content/EngineMaterials/T_Default_Material_Grid_N.ubulk" 2
"../../../Engine/Content/EngineMaterials/T_Default_Material_Grid_M.uasset" 3
"../../../Engine/Content/EngineMaterials/T_Default_Material_Grid_M.uexp" 4
"../../../Engine/Content/EngineMaterials/T_Default_Material_Grid_M.ubulk" 5
"../../../Engine/Content/Functions/Engine_MaterialFunctions01/Opacity/CameraDepthFade.uasset" 6
"../../../Engine/Content/Functions/Engine_MaterialFunctions01/Opacity/CameraDepthFade.uexp" 7
"../../../Engine/Content/EngineMaterials/WorldGridMaterial.uasset" 8
"../../../Engine/Content/EngineMaterials/WorldGridMaterial.uexp" 9
"G:/Projects/MuffinRoyale/Content/Main/Building/Meshes/SM_ConeSphere.uasset" 10
"G:/Projects/MuffinRoyale/Content/Main/Building/Meshes/SM_ConeSphere.uexp" 11
"G:/Projects/MuffinRoyale/Content/Main/Building/Meshes/SM_Cylinder.uasset" 12
"G:/Projects/MuffinRoyale/Content/Main/Building/Meshes/SM_Cylinder.uexp" 13
"G:/Projects/MuffinRoyale/Content/Main/Building/Meshes/CubeMaterial.uasset" 14
"G:/Projects/MuffinRoyale/Content/Main/Building/Meshes/CubeMaterial.uexp" 15
"G:/Projects/MuffinRoyale/Content/Main/Building/Meshes/TemplateFloor.uasset" 16
"G:/Projects/MuffinRoyale/Content/Main/Building/Meshes/TemplateFloor.uexp" 17
"G:/Projects/MuffinRoyale/Content/Main/GAS/DT_GASDefaultPlayerAttributes.uasset" 18
"G:/Projects/MuffinRoyale/Content/Main/GAS/DT_GASDefaultPlayerAttributes.uexp" 19
"../../../Engine/Content/Animation/DefaultAnimCurveCompressionSettings.uasset" 20
"../../../Engine/Content/Animation/DefaultAnimCurveCompressionSettings.uexp" 21
"../../../Engine/Content/Animation/DefaultAnimBoneCompressionSettings.uasset" 22
"../../../Engine/Content/Animation/DefaultAnimBoneCompressionSettings.uexp" 23
"G:/Projects/MuffinRoyale/Content/Main/Muffin/SK_Muffin_Skeleton.uasset" 24
"G:/Projects/MuffinRoyale/Content/Main/Muffin/SK_Muffin_Skeleton.uexp" 25
"G:/Projects/MuffinRoyale/Content/Main/Muffin/Animations/SK_Muffin_Death.uasset" 26
"G:/Projects/MuffinRoyale/Content/Main/Muffin/Animations/SK_Muffin_Death.uexp" 27
"G:/Projects/MuffinRoyale/Content/Main/Muffin/Animations/SK_Muffin_Attack.uasset" 28
"G:/Projects/MuffinRoyale/Content/Main/Muffin/Animations/SK_Muffin_Attack.uexp" 29
"G:/Projects/MuffinRoyale/Content/Main/Muffin/Animations/SK_Muffin_Walk.uasset" 30
"G:/Projects/MuffinRoyale/Content/Main/Muffin/Animations/SK_Muffin_Walk.uexp" 31
"G:/Projects/MuffinRoyale/Content/Main/Muffin/Animations/SK_Muffin_Idle.uasset" 32
"G:/Projects/MuffinRoyale/Content/Main/Muffin/Animations/SK_Muffin_Idle.uexp" 33
"G:/Projects/MuffinRoyale/Content/Main/Muffin/Animations/BS_IdleWalk.uasset" 34
"G:/Projects/MuffinRoyale/Content/Main/Muffin/Animations/BS_IdleWalk.uexp" 35
"G:/Projects/MuffinRoyale/Content/Main/Muffin/AI/StateComponent.uasset" 36
"G:/Projects/MuffinRoyale/Content/Main/Muffin/AI/StateComponent.uexp" 37
"G:/Projects/MuffinRoyale/Content/Main/Muffin/Blueprints/ABP_Muffin.uasset" 38
"G:/Projects/MuffinRoyale/Content/Main/Muffin/Blueprints/ABP_Muffin.uexp" 39
"G:/Projects/MuffinRoyale/Content/Main/Muffin/AI/BTTask_Attack.uasset" 40
"G:/Projects/MuffinRoyale/Content/Main/Muffin/AI/BTTask_Attack.uexp" 41
"G:/Projects/MuffinRoyale/Content/Main/Muffin/Blueprints/E_Team.uasset" 42
"G:/Projects/MuffinRoyale/Content/Main/Muffin/Blueprints/E_Team.uexp" 43
"G:/Projects/MuffinRoyale/Content/Main/BP_SpawnArea.uasset" 44
"G:/Projects/MuffinRoyale/Content/Main/BP_SpawnArea.uexp" 45
"G:/Projects/MuffinRoyale/Content/Main/UIX/W_UnitButton.uasset" 46
"G:/Projects/MuffinRoyale/Content/Main/UIX/W_UnitButton.uexp" 47
"G:/Projects/MuffinRoyale/Content/Main/UIX/W_GameCloseButton.uasset" 48
"G:/Projects/MuffinRoyale/Content/Main/UIX/W_GameCloseButton.uexp" 49
"G:/Projects/MuffinRoyale/Content/Main/Muffin/Blueprints/BP_StrongMuffin.uasset" 50
"G:/Projects/MuffinRoyale/Content/Main/Muffin/Blueprints/BP_StrongMuffin.uexp" 51
"G:/Projects/MuffinRoyale/Content/Main/Muffin/Blueprints/BP_NormalMuffin.uasset" 52
"G:/Projects/MuffinRoyale/Content/Main/Muffin/Blueprints/BP_NormalMuffin.uexp" 53
"G:/Projects/MuffinRoyale/Content/Main/UIX/W_Sugar.uasset" 54
"G:/Projects/MuffinRoyale/Content/Main/UIX/W_Sugar.uexp" 55
"G:/Projects/MuffinRoyale/Content/Main/UIX/W_MainWidget.uasset" 56
"G:/Projects/MuffinRoyale/Content/Main/UIX/W_MainWidget.uexp" 57
"../../../Engine/Content/EditorBlueprintResources/StandardMacros.uasset" 58
"../../../Engine/Content/EditorBlueprintResources/StandardMacros.uexp" 59
"G:/Projects/MuffinRoyale/Content/Main/UIX/W_LoadingScreen.uasset" 60
"G:/Projects/MuffinRoyale/Content/Main/UIX/W_LoadingScreen.uexp" 61
"G:/Projects/MuffinRoyale/Content/Main/UIX/W_SessionsButton.uasset" 62
"G:/Projects/MuffinRoyale/Content/Main/UIX/W_SessionsButton.uexp" 63
"G:/Projects/MuffinRoyale/Content/Main/UIX/W_MainMenu.uasset" 64
"G:/Projects/MuffinRoyale/Content/Main/UIX/W_MainMenu.uexp" 65
"G:/Projects/MuffinRoyale/Content/Main/MainMenuCharscter.uasset" 66
"G:/Projects/MuffinRoyale/Content/Main/MainMenuCharscter.uexp" 67
"G:/Projects/MuffinRoyale/Content/Main/MainGameInstance.uasset" 68
"G:/Projects/MuffinRoyale/Content/Main/MainGameInstance.uexp" 69
"G:/Projects/MuffinRoyale/Content/Main/UIX/W_EndGame.uasset" 70
"G:/Projects/MuffinRoyale/Content/Main/UIX/W_EndGame.uexp" 71
"G:/Projects/MuffinRoyale/Content/Main/Building/Meshes/SM_CylinderSphere.uasset" 72
"G:/Projects/MuffinRoyale/Content/Main/Building/Meshes/SM_CylinderSphere.uexp" 73
"G:/Projects/MuffinRoyale/Content/Main/Muffin/AI/BB_Muffin.uasset" 74
"G:/Projects/MuffinRoyale/Content/Main/Muffin/AI/BB_Muffin.uexp" 75
"G:/Projects/MuffinRoyale/Content/Main/Building/BTTask_BuildingAttack.uasset" 76
"G:/Projects/MuffinRoyale/Content/Main/Building/BTTask_BuildingAttack.uexp" 77
"G:/Projects/MuffinRoyale/Content/Main/Building/BT_Building.uasset" 78
"G:/Projects/MuffinRoyale/Content/Main/Building/BT_Building.uexp" 79
"G:/Projects/MuffinRoyale/Content/Main/Building/Meshes/Sphere_StaticMesh.uasset" 80
"G:/Projects/MuffinRoyale/Content/Main/Building/Meshes/Sphere_StaticMesh.uexp" 81
"G:/Projects/MuffinRoyale/Content/Main/Building/BP_BaseProjectile.uasset" 82
"G:/Projects/MuffinRoyale/Content/Main/Building/BP_BaseProjectile.uexp" 83
"G:/Projects/MuffinRoyale/Content/Main/Building/AIC_Building.uasset" 84
"G:/Projects/MuffinRoyale/Content/Main/Building/AIC_Building.uexp" 85
"G:/Projects/MuffinRoyale/Content/Main/UIX/W_UnitHealt.uasset" 86
"G:/Projects/MuffinRoyale/Content/Main/UIX/W_UnitHealt.uexp" 87
"G:/Projects/MuffinRoyale/Content/Main/Building/Meshes/1M_Cube.uasset" 88
"G:/Projects/MuffinRoyale/Content/Main/Building/Meshes/1M_Cube.uexp" 89
"G:/Projects/MuffinRoyale/Content/Main/Building/BP_BaseBuilding.uasset" 90
"G:/Projects/MuffinRoyale/Content/Main/Building/BP_BaseBuilding.uexp" 91
"G:/Projects/MuffinRoyale/Content/Main/Building/BP_Tower.uasset" 92
"G:/Projects/MuffinRoyale/Content/Main/Building/BP_Tower.uexp" 93
"G:/Projects/MuffinRoyale/Content/Main/Building/Meshes/SM_Castle.uasset" 94
"G:/Projects/MuffinRoyale/Content/Main/Building/Meshes/SM_Castle.uexp" 95
"G:/Projects/MuffinRoyale/Content/Main/MainPlayerStart.uasset" 96
"G:/Projects/MuffinRoyale/Content/Main/MainPlayerStart.uexp" 97
"G:/Projects/MuffinRoyale/Content/Main/MainGameMode.uasset" 98
"G:/Projects/MuffinRoyale/Content/Main/MainGameMode.uexp" 99
"G:/Projects/MuffinRoyale/Content/Main/Building/BP_Castle.uasset" 100
"G:/Projects/MuffinRoyale/Content/Main/Building/BP_Castle.uexp" 101
"../../../Engine/Content/EditorBlueprintResources/ActorMacros.uasset" 102
"../../../Engine/Content/EditorBlueprintResources/ActorMacros.uexp" 103
"G:/Projects/MuffinRoyale/Content/Main/BP_Player.uasset" 104
"G:/Projects/MuffinRoyale/Content/Main/BP_Player.uexp" 105
"G:/Projects/MuffinRoyale/Content/Main/Muffin/T_Muffin_D.uasset" 106
"G:/Projects/MuffinRoyale/Content/Main/Muffin/T_Muffin_D.uexp" 107
"G:/Projects/MuffinRoyale/Content/Main/Muffin/T_Muffin_D.ubulk" 108
"G:/Projects/MuffinRoyale/Content/Main/Muffin/M_Muffin.uasset" 109
"G:/Projects/MuffinRoyale/Content/Main/Muffin/M_Muffin.uexp" 110
"G:/Projects/MuffinRoyale/Content/Main/Muffin/M_Muffin_Team1_1.uasset" 111
"G:/Projects/MuffinRoyale/Content/Main/Muffin/M_Muffin_Team1_1.uexp" 112
"G:/Projects/MuffinRoyale/Content/Main/Muffin/Blueprints/BP_NormalMuffin_Team1.uasset" 113
"G:/Projects/MuffinRoyale/Content/Main/Muffin/Blueprints/BP_NormalMuffin_Team1.uexp" 114
"G:/Projects/MuffinRoyale/Content/Main/Muffin/M_Muffin_Team2_1.uasset" 115
"G:/Projects/MuffinRoyale/Content/Main/Muffin/M_Muffin_Team2_1.uexp" 116
"G:/Projects/MuffinRoyale/Content/Main/Muffin/Blueprints/BP_NormalMuffin_Team2.uasset" 117
"G:/Projects/MuffinRoyale/Content/Main/Muffin/Blueprints/BP_NormalMuffin_Team2.uexp" 118
"G:/Projects/MuffinRoyale/Content/Main/Muffin/M_Muffin_Team1_2.uasset" 119
"G:/Projects/MuffinRoyale/Content/Main/Muffin/M_Muffin_Team1_2.uexp" 120
"G:/Projects/MuffinRoyale/Content/Main/Muffin/Blueprints/BP_StrongMuffin_Team1.uasset" 121
"G:/Projects/MuffinRoyale/Content/Main/Muffin/Blueprints/BP_StrongMuffin_Team1.uexp" 122
"G:/Projects/MuffinRoyale/Content/Main/Muffin/M_Muffin_Team2_2.uasset" 123
"G:/Projects/MuffinRoyale/Content/Main/Muffin/M_Muffin_Team2_2.uexp" 124
"G:/Projects/MuffinRoyale/Content/Main/Muffin/Blueprints/BP_StrongMuffin_Team2.uasset" 125
"G:/Projects/MuffinRoyale/Content/Main/Muffin/Blueprints/BP_StrongMuffin_Team2.uexp" 126
"G:/Projects/MuffinRoyale/Content/Main/MainController.uasset" 127
"G:/Projects/MuffinRoyale/Content/Main/MainController.uexp" 128
"G:/Projects/MuffinRoyale/Content/Main/Muffin/AI/BTService_SetLocation.uasset" 129
"G:/Projects/MuffinRoyale/Content/Main/Muffin/AI/BTService_SetLocation.uexp" 130
"G:/Projects/MuffinRoyale/Content/Main/Muffin/AI/BT_Muffin.uasset" 131
"G:/Projects/MuffinRoyale/Content/Main/Muffin/AI/BT_Muffin.uexp" 132
"G:/Projects/MuffinRoyale/Content/Main/Muffin/AI/AIC_Muffin.uasset" 133
"G:/Projects/MuffinRoyale/Content/Main/Muffin/AI/AIC_Muffin.uexp" 134
"G:/Projects/MuffinRoyale/Content/Main/Muffin/SK_Muffin.uasset" 135
"G:/Projects/MuffinRoyale/Content/Main/Muffin/SK_Muffin.uexp" 136
"G:/Projects/MuffinRoyale/Content/Main/Muffin/Blueprints/BP_Muffin.uasset" 137
"G:/Projects/MuffinRoyale/Content/Main/Muffin/Blueprints/BP_Muffin.uexp" 138
"G:/Projects/MuffinRoyale/Content/Main/GAS/GA_SpawnMuffin.uasset" 139
"G:/Projects/MuffinRoyale/Content/Main/GAS/GA_SpawnMuffin.uexp" 140
"G:/Projects/MuffinRoyale/Content/Main/GAS/GA_Test.uasset" 141
"G:/Projects/MuffinRoyale/Content/Main/GAS/GA_Test.uexp" 142
"G:/Projects/MuffinRoyale/Content/Main/GAS/GE_CharacterDefaults.uasset" 143
"G:/Projects/MuffinRoyale/Content/Main/GAS/GE_CharacterDefaults.uexp" 144
"G:/Projects/MuffinRoyale/Content/Main/GAS/GE_SpawnCooldown.uasset" 145
"G:/Projects/MuffinRoyale/Content/Main/GAS/GE_SpawnCooldown.uexp" 146
"G:/Projects/MuffinRoyale/Content/Main/GAS/GE_SpawnCost.uasset" 147
"G:/Projects/MuffinRoyale/Content/Main/GAS/GE_SpawnCost.uexp" 148
"G:/Projects/MuffinRoyale/Content/Main/GAS/GE_Sugar.uasset" 149
"G:/Projects/MuffinRoyale/Content/Main/GAS/GE_Sugar.uexp" 150
"G:/Projects/MuffinRoyale/Content/Main/GAS/NewBlueprint.uasset" 151
"G:/Projects/MuffinRoyale/Content/Main/GAS/NewBlueprint.uexp" 152
"G:/Projects/MuffinRoyale/Content/Main/GAS/NewBlueprint1.uasset" 153
"G:/Projects/MuffinRoyale/Content/Main/GAS/NewBlueprint1.uexp" 154
"G:/Projects/MuffinRoyale/Content/Main/GAS/NewBlueprint2.uasset" 155
"G:/Projects/MuffinRoyale/Content/Main/GAS/NewBlueprint2.uexp" 156
"G:/Projects/MuffinRoyale/Content/Main/GAS/NewBlueprint3.uasset" 157
"G:/Projects/MuffinRoyale/Content/Main/GAS/NewBlueprint3.uexp" 158
"G:/Projects/MuffinRoyale/Content/Main/GAS/NewBlueprint4.uasset" 159
"G:/Projects/MuffinRoyale/Content/Main/GAS/NewBlueprint4.uexp" 160
"G:/Projects/MuffinRoyale/Content/Main/Muffin/AI/BTService_SetRandomLocation.uasset" 161
"G:/Projects/MuffinRoyale/Content/Main/Muffin/AI/BTService_SetRandomLocation.uexp" 162
"G:/Projects/MuffinRoyale/Content/Main/Muffin/AI/UnitStateEnum.uasset" 163
"G:/Projects/MuffinRoyale/Content/Main/Muffin/AI/UnitStateEnum.uexp" 164
"G:/Projects/MuffinRoyale/Content/Main/UIX/W_ActionPoints.uasset" 165
"G:/Projects/MuffinRoyale/Content/Main/UIX/W_ActionPoints.uexp" 166
"G:/Projects/MuffinRoyale/Content/Mannequin/Character/Mesh/SK_Mannequin_Skeleton.uasset" 167
"G:/Projects/MuffinRoyale/Content/Mannequin/Character/Mesh/SK_Mannequin_Skeleton.uexp" 168
"G:/Projects/MuffinRoyale/Content/Mannequin/Animations/ThirdPerson_Jump.uasset" 169
"G:/Projects/MuffinRoyale/Content/Mannequin/Animations/ThirdPerson_Jump.uexp" 170
"G:/Projects/MuffinRoyale/Content/Mannequin/Character/Mesh/SK_Mannequin_PhysicsAsset.uasset" 171
"G:/Projects/MuffinRoyale/Content/Mannequin/Character/Mesh/SK_Mannequin_PhysicsAsset.uexp" 172
"../../../Engine/Content/Functions/Engine_MaterialFunctions01/Density/ExponentialDensity.uasset" 173
"../../../Engine/Content/Functions/Engine_MaterialFunctions01/Density/ExponentialDensity.uexp" 174
"../../../Engine/Content/Functions/Engine_MaterialFunctions01/Gradient/RadialGradientExponential.uasset" 175
"../../../Engine/Content/Functions/Engine_MaterialFunctions01/Gradient/RadialGradientExponential.uexp" 176
"G:/Projects/MuffinRoyale/Content/TopDownBP/Blueprints/M_Cursor_Decal.uasset" 177
"G:/Projects/MuffinRoyale/Content/TopDownBP/Blueprints/M_Cursor_Decal.uexp" 178
"G:/Projects/MuffinRoyale/Content/Mannequin/Character/Textures/UE4Man_Logo_N.uasset" 179
"G:/Projects/MuffinRoyale/Content/Mannequin/Character/Textures/UE4Man_Logo_N.uexp" 180
"G:/Projects/MuffinRoyale/Content/Mannequin/Character/Textures/UE4Man_Logo_N.ubulk" 181
"G:/Projects/MuffinRoyale/Content/Mannequin/Character/Textures/T_UE4_Mannequin_Mobile_N.uasset" 182
"G:/Projects/MuffinRoyale/Content/Mannequin/Character/Textures/T_UE4_Mannequin_Mobile_N.uexp" 183
"G:/Projects/MuffinRoyale/Content/Mannequin/Character/Textures/T_UE4_Mannequin_Mobile_N.ubulk" 184
"G:/Projects/MuffinRoyale/Content/Mannequin/Character/Textures/T_UE4_Mannequin_Mobile_M.uasset" 185
"G:/Projects/MuffinRoyale/Content/Mannequin/Character/Textures/T_UE4_Mannequin_Mobile_M.uexp" 186
"G:/Projects/MuffinRoyale/Content/Mannequin/Character/Textures/T_UE4_Mannequin_Mobile_M.ubulk" 187
"G:/Projects/MuffinRoyale/Content/Mannequin/Character/Materials/MaterialLayers/T_ML_Aluminum01_N.uasset" 188
"G:/Projects/MuffinRoyale/Content/Mannequin/Character/Materials/MaterialLayers/T_ML_Aluminum01_N.uexp" 189
"G:/Projects/MuffinRoyale/Content/Mannequin/Character/Materials/MaterialLayers/T_ML_Aluminum01_N.ubulk" 190
"G:/Projects/MuffinRoyale/Content/Mannequin/Character/Materials/MaterialLayers/T_ML_Aluminum01.uasset" 191
"G:/Projects/MuffinRoyale/Content/Mannequin/Character/Materials/MaterialLayers/T_ML_Aluminum01.uexp" 192
"G:/Projects/MuffinRoyale/Content/Mannequin/Character/Materials/MaterialLayers/T_ML_Aluminum01.ubulk" 193
"G:/Projects/MuffinRoyale/Content/Mannequin/Character/Materials/MaterialLayers/ML_SoftMetal_UE4.uasset" 194
"G:/Projects/MuffinRoyale/Content/Mannequin/Character/Materials/MaterialLayers/ML_SoftMetal_UE4.uexp" 195
"G:/Projects/MuffinRoyale/Content/Mannequin/Character/Textures/UE4_LOGO_CARD.uasset" 196
"G:/Projects/MuffinRoyale/Content/Mannequin/Character/Textures/UE4_LOGO_CARD.uexp" 197
"G:/Projects/MuffinRoyale/Content/Mannequin/Character/Textures/UE4_LOGO_CARD.ubulk" 198
"G:/Projects/MuffinRoyale/Content/Mannequin/Character/Materials/MaterialLayers/ML_Plastic_Shiny_Beige_LOGO.uasset" 199
"G:/Projects/MuffinRoyale/Content/Mannequin/Character/Materials/MaterialLayers/ML_Plastic_Shiny_Beige_LOGO.uexp" 200
"G:/Projects/MuffinRoyale/Content/Mannequin/Character/Materials/MaterialLayers/ML_Plastic_Shiny_Beige.uasset" 201
"G:/Projects/MuffinRoyale/Content/Mannequin/Character/Materials/MaterialLayers/ML_Plastic_Shiny_Beige.uexp" 202
"G:/Projects/MuffinRoyale/Content/Mannequin/Character/Materials/MaterialLayers/T_ML_Rubber_Blue_01_N.uasset" 203
"G:/Projects/MuffinRoyale/Content/Mannequin/Character/Materials/MaterialLayers/T_ML_Rubber_Blue_01_N.uexp" 204
"G:/Projects/MuffinRoyale/Content/Mannequin/Character/Materials/MaterialLayers/T_ML_Rubber_Blue_01_N.ubulk" 205
"G:/Projects/MuffinRoyale/Content/Mannequin/Character/Materials/MaterialLayers/T_ML_Rubber_Blue_01_D.uasset" 206
"G:/Projects/MuffinRoyale/Content/Mannequin/Character/Materials/MaterialLayers/T_ML_Rubber_Blue_01_D.uexp" 207
"G:/Projects/MuffinRoyale/Content/Mannequin/Character/Materials/MaterialLayers/T_ML_Rubber_Blue_01_D.ubulk" 208
"G:/Projects/MuffinRoyale/Content/Mannequin/Character/Materials/MaterialLayers/ML_GlossyBlack_Latex_UE4.uasset" 209
"G:/Projects/MuffinRoyale/Content/Mannequin/Character/Materials/MaterialLayers/ML_GlossyBlack_Latex_UE4.uexp" 210
"../../../Engine/Content/Functions/MaterialLayerFunctions/MatLayerBlend_Simple.uasset" 211
"../../../Engine/Content/Functions/MaterialLayerFunctions/MatLayerBlend_Simple.uexp" 212
"../../../Engine/Content/Functions/Engine_MaterialFunctions02/Utility/BlendAngleCorrectedNormals.uasset" 213
"../../../Engine/Content/Functions/Engine_MaterialFunctions02/Utility/BlendAngleCorrectedNormals.uexp" 214
"../../../Engine/Content/Functions/MaterialLayerFunctions/MatLayerBlend_NormalBlend.uasset" 215
"../../../Engine/Content/Functions/MaterialLayerFunctions/MatLayerBlend_NormalBlend.uexp" 216
"G:/Projects/MuffinRoyale/Content/Mannequin/Character/Materials/M_UE4Man_Body.uasset" 217
"G:/Projects/MuffinRoyale/Content/Mannequin/Character/Materials/M_UE4Man_Body.uexp" 218
"G:/Projects/MuffinRoyale/Content/Mannequin/Character/Materials/M_UE4Man_ChestLogo.uasset" 219
"G:/Projects/MuffinRoyale/Content/Mannequin/Character/Materials/M_UE4Man_ChestLogo.uexp" 220
"G:/Projects/MuffinRoyale/Content/Mannequin/Character/Mesh/SK_Mannequin.uasset" 221
"G:/Projects/MuffinRoyale/Content/Mannequin/Character/Mesh/SK_Mannequin.uexp" 222
"G:/Projects/MuffinRoyale/Content/Mannequin/Animations/ThirdPersonWalk.uasset" 223
"G:/Projects/MuffinRoyale/Content/Mannequin/Animations/ThirdPersonWalk.uexp" 224
"G:/Projects/MuffinRoyale/Content/Mannequin/Animations/ThirdPersonRun.uasset" 225
"G:/Projects/MuffinRoyale/Content/Mannequin/Animations/ThirdPersonRun.uexp" 226
"G:/Projects/MuffinRoyale/Content/Mannequin/Animations/ThirdPersonIdle.uasset" 227
"G:/Projects/MuffinRoyale/Content/Mannequin/Animations/ThirdPersonIdle.uexp" 228
"G:/Projects/MuffinRoyale/Content/Mannequin/Animations/ThirdPerson_IdleRun_2D.uasset" 229
"G:/Projects/MuffinRoyale/Content/Mannequin/Animations/ThirdPerson_IdleRun_2D.uexp" 230
"G:/Projects/MuffinRoyale/Content/Mannequin/Animations/ThirdPersonJump_Start.uasset" 231
"G:/Projects/MuffinRoyale/Content/Mannequin/Animations/ThirdPersonJump_Start.uexp" 232
"G:/Projects/MuffinRoyale/Content/Mannequin/Animations/ThirdPersonJump_Loop.uasset" 233
"G:/Projects/MuffinRoyale/Content/Mannequin/Animations/ThirdPersonJump_Loop.uexp" 234
"G:/Projects/MuffinRoyale/Content/Mannequin/Animations/ThirdPersonJump_End.uasset" 235
"G:/Projects/MuffinRoyale/Content/Mannequin/Animations/ThirdPersonJump_End.uexp" 236
"G:/Projects/MuffinRoyale/Content/Mannequin/Animations/ThirdPerson_AnimBP.uasset" 237
"G:/Projects/MuffinRoyale/Content/Mannequin/Animations/ThirdPerson_AnimBP.uexp" 238
"G:/Projects/MuffinRoyale/Content/TopDownBP/Blueprints/TopDownCharacter.uasset" 239
"G:/Projects/MuffinRoyale/Content/TopDownBP/Blueprints/TopDownCharacter.uexp" 240
"G:/Projects/MuffinRoyale/Content/TopDownBP/Blueprints/TopDownController.uasset" 241
"G:/Projects/MuffinRoyale/Content/TopDownBP/Blueprints/TopDownController.uexp" 242
"G:/Projects/MuffinRoyale/Content/TopDownBP/Blueprints/TopDownGameMode.uasset" 243
"G:/Projects/MuffinRoyale/Content/TopDownBP/Blueprints/TopDownGameMode.uexp" 244
"../../../Engine/Content/ArtTools/RenderToTexture/Meshes/S_1_Unit_Plane.uasset" 245
"../../../Engine/Content/ArtTools/RenderToTexture/Meshes/S_1_Unit_Plane.uexp" 246
"../../../Engine/Content/EngineMaterials/DefaultMaterial.uasset" 247
"../../../Engine/Content/EngineMaterials/DefaultMaterial.uexp" 248
"../../../Engine/Content/BasicShapes/Cone.uasset" 249
"../../../Engine/Content/BasicShapes/Cone.uexp" 250
"../../../Engine/Content/BasicShapes/Cube.uasset" 251
"../../../Engine/Content/BasicShapes/Cube.uexp" 252
"../../../Engine/Content/BasicShapes/Plane.uasset" 253
"../../../Engine/Content/BasicShapes/Plane.uexp" 254
"../../../Engine/Content/BasicShapes/Sphere.uasset" 255
"../../../Engine/Content/BasicShapes/Sphere.uexp" 256
"../../../Engine/Content/EditorLandscapeResources/DataLayer.uasset" 257
"../../../Engine/Content/EditorLandscapeResources/DataLayer.uexp" 258
"../../../Engine/Content/EditorLandscapeResources/DefaultAlphaTexture.uasset" 259
"../../../Engine/Content/EditorLandscapeResources/DefaultAlphaTexture.uexp" 260
"../../../Engine/Content/EditorMaterials/MAT_Groups_Toggle.uasset" 261
"../../../Engine/Content/EditorMaterials/MAT_Groups_Toggle.uexp" 262
"../../../Engine/Content/EditorMaterials/MAT_Groups_Visibility.uasset" 263
"../../../Engine/Content/EditorMaterials/MAT_Groups_Visibility.uexp" 264
"../../../Engine/Content/EditorMaterials/PreviewShadowIndicator.uasset" 265
"../../../Engine/Content/EditorMaterials/PreviewShadowIndicator.uexp" 266
"../../../Engine/Content/EditorMaterials/PreviewShadowIndicator.ubulk" 267
"../../../Engine/Content/EditorMaterials/PreviewShadowIndicatorMaterial.uasset" 268
"../../../Engine/Content/EditorMaterials/PreviewShadowIndicatorMaterial.uexp" 269
"../../../Engine/Content/EditorMaterials/MatineeGroups/MAT_ColorTrack.uasset" 270
"../../../Engine/Content/EditorMaterials/MatineeGroups/MAT_ColorTrack.uexp" 271
"../../../Engine/Content/EditorMaterials/MatineeGroups/MAT_Groups_Anim.uasset" 272
"../../../Engine/Content/EditorMaterials/MatineeGroups/MAT_Groups_Anim.uexp" 273
"../../../Engine/Content/EditorMaterials/MatineeGroups/MAT_Groups_AudioMaster.uasset" 274
"../../../Engine/Content/EditorMaterials/MatineeGroups/MAT_Groups_AudioMaster.uexp" 275
"../../../Engine/Content/EditorMaterials/MatineeGroups/MAT_Groups_Director.uasset" 276
"../../../Engine/Content/EditorMaterials/MatineeGroups/MAT_Groups_Director.uexp" 277
"../../../Engine/Content/EditorMaterials/MatineeGroups/MAT_Groups_Event.uasset" 278
"../../../Engine/Content/EditorMaterials/MatineeGroups/MAT_Groups_Event.uexp" 279
"../../../Engine/Content/EditorMaterials/MatineeGroups/MAT_Groups_Fade.uasset" 280
"../../../Engine/Content/EditorMaterials/MatineeGroups/MAT_Groups_Fade.uexp" 281
"../../../Engine/Content/EditorMaterials/MatineeGroups/MAT_Groups_Float.uasset" 282
"../../../Engine/Content/EditorMaterials/MatineeGroups/MAT_Groups_Float.uexp" 283
"../../../Engine/Content/EditorMaterials/MatineeGroups/MAT_Groups_Move.uasset" 284
"../../../Engine/Content/EditorMaterials/MatineeGroups/MAT_Groups_Move.uexp" 285
"../../../Engine/Content/EditorMaterials/MatineeGroups/MAT_Groups_Slomo.uasset" 286
"../../../Engine/Content/EditorMaterials/MatineeGroups/MAT_Groups_Slomo.uexp" 287
"../../../Engine/Content/EditorMaterials/MatineeGroups/MAT_Groups_Sound.uasset" 288
"../../../Engine/Content/EditorMaterials/MatineeGroups/MAT_Groups_Sound.uexp" 289
"../../../Engine/Content/EditorMaterials/MatineeGroups/MAT_Groups_Vector.uasset" 290
"../../../Engine/Content/EditorMaterials/MatineeGroups/MAT_Groups_Vector.uexp" 291
"../../../Engine/Content/EditorMaterials/ParticleSystems/PSysThumbnail_NoImage.uasset" 292
"../../../Engine/Content/EditorMaterials/ParticleSystems/PSysThumbnail_NoImage.uexp" 293
"../../../Engine/Content/EditorMaterials/ParticleSystems/PSysThumbnail_NoImage.ubulk" 294
"../../../Engine/Content/EditorMaterials/ParticleSystems/PSysThumbnail_OOD.uasset" 295
"../../../Engine/Content/EditorMaterials/ParticleSystems/PSysThumbnail_OOD.uexp" 296
"../../../Engine/Content/EditorMaterials/ParticleSystems/PSysThumbnail_OOD.ubulk" 297
"../../../Engine/Content/EditorMaterials/Camera/CineMat.uasset" 298
"../../../Engine/Content/EditorMaterials/Camera/CineMat.uexp" 299
"../../../Engine/Content/EditorMaterials/Camera/MI_CineMat_Rig.uasset" 300
"../../../Engine/Content/EditorMaterials/Camera/MI_CineMat_Rig.uexp" 301
"../../../Engine/Content/EditorMeshes/Camera/SM_CraneRig_Arm.uasset" 302
"../../../Engine/Content/EditorMeshes/Camera/SM_CraneRig_Arm.uexp" 303
"../../../Engine/Content/EditorMeshes/Camera/SM_CraneRig_Base.uasset" 304
"../../../Engine/Content/EditorMeshes/Camera/SM_CraneRig_Base.uexp" 305
"../../../Engine/Content/EditorMeshes/Camera/SM_CraneRig_Body.uasset" 306
"../../../Engine/Content/EditorMeshes/Camera/SM_CraneRig_Body.uexp" 307
"../../../Engine/Content/EditorMeshes/Camera/SM_CraneRig_Mount.uasset" 308
"../../../Engine/Content/EditorMeshes/Camera/SM_CraneRig_Mount.uexp" 309
"../../../Engine/Content/EditorMeshes/Camera/SM_RailRig_Mount.uasset" 310
"../../../Engine/Content/EditorMeshes/Camera/SM_RailRig_Mount.uexp" 311
"../../../Engine/Content/EditorMeshes/Camera/SM_RailRig_Track.uasset" 312
"../../../Engine/Content/EditorMeshes/Camera/SM_RailRig_Track.uexp" 313
"../../../Engine/Content/EditorResources/BSPVertex.uasset" 314
"../../../Engine/Content/EditorResources/BSPVertex.uexp" 315
"../../../Engine/Content/EditorResources/EmptyActor.uasset" 316
"../../../Engine/Content/EditorResources/EmptyActor.uexp" 317
"../../../Engine/Content/EditorResources/S_Actor.uasset" 318
"../../../Engine/Content/EditorResources/S_Actor.uexp" 319
"../../../Engine/Content/EditorResources/S_Actor.ubulk" 320
"../../../Engine/Content/EditorResources/S_Note.uasset" 321
"../../../Engine/Content/EditorResources/S_Note.uexp" 322
"../../../Engine/Content/EditorResources/S_Note.ubulk" 323
"../../../Engine/Content/EditorResources/S_Solver.uasset" 324
"../../../Engine/Content/EditorResources/S_Solver.uexp" 325
"../../../Engine/Content/EditorResources/S_Solver.ubulk" 326
"../../../Engine/Content/EditorResources/S_Terrain.uasset" 327
"../../../Engine/Content/EditorResources/S_Terrain.uexp" 328
"../../../Engine/Content/EditorResources/S_Terrain.ubulk" 329
"../../../Engine/Content/EditorResources/S_Trigger.uasset" 330
"../../../Engine/Content/EditorResources/S_Trigger.uexp" 331
"../../../Engine/Content/EditorResources/S_Trigger.ubulk" 332
"../../../Engine/Content/EditorResources/LightIcons/S_LightError.uasset" 333
"../../../Engine/Content/EditorResources/LightIcons/S_LightError.uexp" 334
"../../../Engine/Content/EditorResources/SequenceRecorder/Countdown.uasset" 335
"../../../Engine/Content/EditorResources/SequenceRecorder/Countdown.uexp" 336
"../../../Engine/Content/EditorResources/SequenceRecorder/RecordingIndicator.uasset" 337
"../../../Engine/Content/EditorResources/SequenceRecorder/RecordingIndicator.uexp" 338
"../../../Engine/Content/EngineDamageTypes/DmgTypeBP_Environmental.uasset" 339
"../../../Engine/Content/EngineDamageTypes/DmgTypeBP_Environmental.uexp" 340
"../../../Engine/Content/EngineDebugMaterials/DebugEditorMaterial.uasset" 341
"../../../Engine/Content/EngineDebugMaterials/DebugEditorMaterial.uexp" 342
"../../../Engine/Content/EngineDebugMaterials/DebugMeshMaterial.uasset" 343
"../../../Engine/Content/EngineDebugMaterials/DebugMeshMaterial.uexp" 344
"../../../Engine/Content/EngineDebugMaterials/M_SimpleUnlitTranslucent.uasset" 345
"../../../Engine/Content/EngineDebugMaterials/M_SimpleUnlitTranslucent.uexp" 346
"../../../Engine/Content/EngineDebugMaterials/VolumeToRender.uasset" 347
"../../../Engine/Content/EngineDebugMaterials/VolumeToRender.uexp" 348
"../../../Engine/Content/Functions/Engine_MaterialFunctions02/Utility/CameraDirectionVector.uasset" 349
"../../../Engine/Content/Functions/Engine_MaterialFunctions02/Utility/CameraDirectionVector.uexp" 350
"../../../Engine/Content/EngineDebugMaterials/M_VolumeRenderSphereTracePP.uasset" 351
"../../../Engine/Content/EngineDebugMaterials/M_VolumeRenderSphereTracePP.uexp" 352
"../../../Engine/Content/Functions/Engine_MaterialFunctions01/Shading/ConvertFromDiffSpec.uasset" 353
"../../../Engine/Content/Functions/Engine_MaterialFunctions01/Shading/ConvertFromDiffSpec.uexp" 354
"../../../Engine/Content/EngineDebugMaterials/VertexColorMaterial.uasset" 355
"../../../Engine/Content/EngineDebugMaterials/VertexColorMaterial.uexp" 356
"../../../Engine/Content/EngineDebugMaterials/WireframeMaterial.uasset" 357
"../../../Engine/Content/EngineDebugMaterials/WireframeMaterial.uexp" 358
"../../../Engine/Content/EngineFonts/Faces/RobotoRegular.uasset" 359
"../../../Engine/Content/EngineFonts/Faces/RobotoRegular.uexp" 360
"../../../Engine/Content/EngineFonts/Faces/RobotoRegular.ufont" 361
"../../../Engine/Content/EngineFonts/Faces/RobotoLight.uasset" 362
"../../../Engine/Content/EngineFonts/Faces/RobotoLight.uexp" 363
"../../../Engine/Content/EngineFonts/Faces/RobotoLight.ufont" 364
"../../../Engine/Content/EngineFonts/Faces/RobotoItalic.uasset" 365
"../../../Engine/Content/EngineFonts/Faces/RobotoItalic.uexp" 366
"../../../Engine/Content/EngineFonts/Faces/RobotoItalic.ufont" 367
"../../../Engine/Content/EngineFonts/Faces/RobotoBoldItalic.uasset" 368
"../../../Engine/Content/EngineFonts/Faces/RobotoBoldItalic.uexp" 369
"../../../Engine/Content/EngineFonts/Faces/RobotoBoldItalic.ufont" 370
"../../../Engine/Content/EngineFonts/Faces/RobotoBold.uasset" 371
"../../../Engine/Content/EngineFonts/Faces/RobotoBold.uexp" 372
"../../../Engine/Content/EngineFonts/Faces/RobotoBold.ufont" 373
"../../../Engine/Content/EngineFonts/Faces/DroidSansFallback.uasset" 374
"../../../Engine/Content/EngineFonts/Faces/DroidSansFallback.uexp" 375
"../../../Engine/Content/EngineFonts/Faces/DroidSansFallback.ufont" 376
"../../../Engine/Content/EngineFonts/Roboto.uasset" 377
"../../../Engine/Content/EngineFonts/Roboto.uexp" 378
"../../../Engine/Content/EngineMaterials/BaseFlattenNormalMap.uasset" 379
"../../../Engine/Content/EngineMaterials/BaseFlattenNormalMap.uexp" 380
"../../../Engine/Content/EngineMaterials/BaseFlattenGrayscaleMap.uasset" 381
"../../../Engine/Content/EngineMaterials/BaseFlattenGrayscaleMap.uexp" 382
"../../../Engine/Content/EngineMaterials/BaseFlattenEmissiveMap.uasset" 383
"../../../Engine/Content/EngineMaterials/BaseFlattenEmissiveMap.uexp" 384
"../../../Engine/Content/EngineMaterials/BaseFlattenDiffuseMap.uasset" 385
"../../../Engine/Content/EngineMaterials/BaseFlattenDiffuseMap.uexp" 386
"../../../Engine/Content/EngineMaterials/BaseFlattenMaterial.uasset" 387
"../../../Engine/Content/EngineMaterials/BaseFlattenMaterial.uexp" 388
"../../../Engine/Content/EngineMaterials/BlueNoise.uasset" 389
"../../../Engine/Content/EngineMaterials/BlueNoise.uexp" 390
"../../../Engine/Content/EngineMaterials/DefaultBloomKernel.uasset" 391
"../../../Engine/Content/EngineMaterials/DefaultBloomKernel.uexp" 392
"../../../Engine/Content/EngineMaterials/DefaultBokeh.uasset" 393
"../../../Engine/Content/EngineMaterials/DefaultBokeh.uexp" 394
"../../../Engine/Content/EngineMaterials/DefaultDiffuse.uasset" 395
"../../../Engine/Content/EngineMaterials/DefaultDiffuse.uexp" 396
"../../../Engine/Content/EngineMaterials/DefaultDiffuse.ubulk" 397
"../../../Engine/Content/EngineMaterials/DefaultDeferredDecalMaterial.uasset" 398
"../../../Engine/Content/EngineMaterials/DefaultDeferredDecalMaterial.uexp" 399
"../../../Engine/Content/EngineMaterials/DefaultLightFunctionMaterial.uasset" 400
"../../../Engine/Content/EngineMaterials/DefaultLightFunctionMaterial.uexp" 401
"../../../Engine/Content/EngineMaterials/DefaultPhysicalMaterial.uasset" 402
"../../../Engine/Content/EngineMaterials/DefaultPhysicalMaterial.uexp" 403
"../../../Engine/Content/Functions/Engine_MaterialFunctions02/Utility/BreakOutFloat2Components.uasset" 404
"../../../Engine/Content/Functions/Engine_MaterialFunctions02/Utility/BreakOutFloat2Components.uexp" 405
"../../../Engine/Content/EngineMaterials/DefaultPostProcessMaterial.uasset" 406
"../../../Engine/Content/EngineMaterials/DefaultPostProcessMaterial.uexp" 407
"../../../Engine/Content/EngineFonts/RobotoDistanceField.uasset" 408
"../../../Engine/Content/EngineFonts/RobotoDistanceField.uexp" 409
"../../../Engine/Content/EngineMaterials/DefaultTextMaterialOpaque.uasset" 410
"../../../Engine/Content/EngineMaterials/DefaultTextMaterialOpaque.uexp" 411
"../../../Engine/Content/EngineMaterials/DefaultWhiteGrid.uasset" 412
"../../../Engine/Content/EngineMaterials/DefaultWhiteGrid.uexp" 413
"../../../Engine/Content/EngineMaterials/DefaultWhiteGrid.ubulk" 414
"../../../Engine/Content/EngineMaterials/DefaultWhiteGrid_Low.uasset" 415
"../../../Engine/Content/EngineMaterials/DefaultWhiteGrid_Low.uexp" 416
"../../../Engine/Content/EngineMaterials/EmissiveMeshMaterial.uasset" 417
"../../../Engine/Content/EngineMaterials/EmissiveMeshMaterial.uexp" 418
"../../../Engine/Content/EngineMaterials/GizmoMaterial.uasset" 419
"../../../Engine/Content/EngineMaterials/GizmoMaterial.uexp" 420
"../../../Engine/Content/EngineMaterials/Good64x64TilingNoiseHighFreq.uasset" 421
"../../../Engine/Content/EngineMaterials/Good64x64TilingNoiseHighFreq.uexp" 422
"../../../Engine/Content/EngineMaterials/MiniFont.uasset" 423
"../../../Engine/Content/EngineMaterials/MiniFont.uexp" 424
"../../../Engine/Content/EngineMaterials/InvalidLightmapSettings.uasset" 425
"../../../Engine/Content/EngineMaterials/InvalidLightmapSettings.uexp" 426
"../../../Engine/Content/EngineMaterials/InvalidLightmapSettings.ubulk" 427
"../../../Engine/Content/EngineMaterials/M_InvalidLightmapSettings.uasset" 428
"../../../Engine/Content/EngineMaterials/M_InvalidLightmapSettings.uexp" 429
"../../../Engine/Content/Functions/Engine_MaterialFunctions02/WorldPositionOffset/CameraOffset.uasset" 430
"../../../Engine/Content/Functions/Engine_MaterialFunctions02/WorldPositionOffset/CameraOffset.uexp" 431
"../../../Engine/Content/EngineMaterials/PhAT_JointLimitMaterial.uasset" 432
"../../../Engine/Content/EngineMaterials/PhAT_JointLimitMaterial.uexp" 433
"../../../Engine/Content/EngineMaterials/DefaultCalibrationColor.uasset" 434
"../../../Engine/Content/EngineMaterials/DefaultCalibrationColor.uexp" 435
"../../../Engine/Content/EngineMaterials/PPM_DefaultCalibrationColor.uasset" 436
"../../../Engine/Content/EngineMaterials/PPM_DefaultCalibrationColor.uexp" 437
"../../../Engine/Content/EngineMaterials/DefaultCalibrationGrayscale.uasset" 438
"../../../Engine/Content/EngineMaterials/DefaultCalibrationGrayscale.uexp" 439
"../../../Engine/Content/EngineMaterials/PPM_DefaultCalibrationGrayscale.uasset" 440
"../../../Engine/Content/EngineMaterials/PPM_DefaultCalibrationGrayscale.uexp" 441
"../../../Engine/Content/EngineMaterials/PreintegratedSkinBRDF.uasset" 442
"../../../Engine/Content/EngineMaterials/PreintegratedSkinBRDF.uexp" 443
"../../../Engine/Content/EngineMaterials/RemoveSurfaceMaterial.uasset" 444
"../../../Engine/Content/EngineMaterials/RemoveSurfaceMaterial.uexp" 445
"../../../Engine/Content/EngineMaterials/WeightMapPlaceholderTexture.uasset" 446
"../../../Engine/Content/EngineMaterials/WeightMapPlaceholderTexture.uexp" 447
"../../../Engine/Content/EngineResources/WhiteSquareTexture.uasset" 448
"../../../Engine/Content/EngineResources/WhiteSquareTexture.uexp" 449
"../../../Engine/Content/EngineMaterials/Widget3DPassThrough.uasset" 450
"../../../Engine/Content/EngineMaterials/Widget3DPassThrough.uexp" 451
"../../../Engine/Content/EngineMaterials/Widget3DPassThrough_Masked.uasset" 452
"../../../Engine/Content/EngineMaterials/Widget3DPassThrough_Masked.uexp" 453
"../../../Engine/Content/EngineMaterials/Widget3DPassThrough_Opaque.uasset" 454
"../../../Engine/Content/EngineMaterials/Widget3DPassThrough_Opaque.uexp" 455
"../../../Engine/Content/EngineMaterials/Widget3DPassThrough_Masked_OneSided.uasset" 456
"../../../Engine/Content/EngineMaterials/Widget3DPassThrough_Masked_OneSided.uexp" 457
"../../../Engine/Content/EngineMaterials/Widget3DPassThrough_Opaque_OneSided.uasset" 458
"../../../Engine/Content/EngineMaterials/Widget3DPassThrough_Opaque_OneSided.uexp" 459
"../../../Engine/Content/EngineMaterials/Widget3DPassThrough_Translucent.uasset" 460
"../../../Engine/Content/EngineMaterials/Widget3DPassThrough_Translucent.uexp" 461
"../../../Engine/Content/EngineMaterials/Widget3DPassThrough_Translucent_OneSided.uasset" 462
"../../../Engine/Content/EngineMaterials/Widget3DPassThrough_Translucent_OneSided.uexp" 463
"../../../Engine/Content/EngineMeshes/Cylinder.uasset" 464
"../../../Engine/Content/EngineMeshes/Cylinder.uexp" 465
"../../../Engine/Content/EngineMeshes/Sphere.uasset" 466
"../../../Engine/Content/EngineMeshes/Sphere.uexp" 467
"../../../Engine/Content/EngineResources/DefaultTexture.uasset" 468
"../../../Engine/Content/EngineResources/DefaultTexture.uexp" 469
"../../../Engine/Content/EngineResources/DefaultTexture.ubulk" 470
"../../../Engine/Content/EngineResources/DefaultTextureCube.uasset" 471
"../../../Engine/Content/EngineResources/DefaultTextureCube.uexp" 472
"../../../Engine/Content/EngineResources/DefaultVolumeTexture2D.uasset" 473
"../../../Engine/Content/EngineResources/DefaultVolumeTexture2D.uexp" 474
"../../../Engine/Content/EngineResources/DefaultVolumeTexture.uasset" 475
"../../../Engine/Content/EngineResources/DefaultVolumeTexture.uexp" 476
"../../../Engine/Content/EngineResources/GradientTexture0.uasset" 477
"../../../Engine/Content/EngineResources/GradientTexture0.uexp" 478
"../../../Engine/Content/EngineSky/VolumetricClouds/T_NoiseShape64.uasset" 479
"../../../Engine/Content/EngineSky/VolumetricClouds/T_NoiseShape64.uexp" 480
"../../../Engine/Content/EngineSky/VolumetricClouds/T_NoiseShape64.ubulk" 481
"../../../Engine/Content/EngineSky/VolumetricClouds/T_VolumeNoiseShape64.uasset" 482
"../../../Engine/Content/EngineSky/VolumetricClouds/T_VolumeNoiseShape64.uexp" 483
"../../../Engine/Content/EngineSky/VolumetricClouds/T_NoiseErosion.uasset" 484
"../../../Engine/Content/EngineSky/VolumetricClouds/T_NoiseErosion.uexp" 485
"../../../Engine/Content/EngineSky/VolumetricClouds/T_NoiseErosion.ubulk" 486
"../../../Engine/Content/EngineSky/VolumetricClouds/T_VolumeNoiseErosion32.uasset" 487
"../../../Engine/Content/EngineSky/VolumetricClouds/T_VolumeNoiseErosion32.uexp" 488
"../../../Engine/Content/EngineSky/VolumetricClouds/CloudWeatherTexture.uasset" 489
"../../../Engine/Content/EngineSky/VolumetricClouds/CloudWeatherTexture.uexp" 490
"../../../Engine/Content/EngineSky/VolumetricClouds/CloudGradientTexture.uasset" 491
"../../../Engine/Content/EngineSky/VolumetricClouds/CloudGradientTexture.uexp" 492
"../../../Engine/Content/Functions/Engine_MaterialFunctions02/Utility/MakeFloat2.uasset" 493
"../../../Engine/Content/Functions/Engine_MaterialFunctions02/Utility/MakeFloat2.uexp" 494
"../../../Engine/Content/EngineSky/VolumetricClouds/m_SimpleVolumetricCloud.uasset" 495
"../../../Engine/Content/EngineSky/VolumetricClouds/m_SimpleVolumetricCloud.uexp" 496
"../../../Engine/Content/EngineSky/VolumetricClouds/m_SimpleVolumetricCloud_Inst.uasset" 497
"../../../Engine/Content/EngineSky/VolumetricClouds/m_SimpleVolumetricCloud_Inst.uexp" 498
"../../../Engine/Content/EngineSounds/Master.uasset" 499
"../../../Engine/Content/EngineSounds/Master.uexp" 500
"../../../Engine/Content/Functions/Engine_MaterialFunctions01/Shading/PowerToRoughness.uasset" 501
"../../../Engine/Content/Functions/Engine_MaterialFunctions01/Shading/PowerToRoughness.uexp" 502
"../../../Engine/Content/Maps/Templates/Thumbnails/Default.uasset" 503
"../../../Engine/Content/Maps/Templates/Thumbnails/Default.uexp" 504
"../../../Engine/Content/Maps/Templates/Thumbnails/TimeOfDay.uasset" 505
"../../../Engine/Content/Maps/Templates/Thumbnails/TimeOfDay.uexp" 506
"../../../Engine/Content/Maps/Templates/Thumbnails/VR-Basic.uasset" 507
"../../../Engine/Content/Maps/Templates/Thumbnails/VR-Basic.uexp" 508
"../../../Engine/Content/MobileResources/T_MobileControls_texture.uasset" 509
"../../../Engine/Content/MobileResources/T_MobileControls_texture.uexp" 510
"../../../Engine/Content/MobileResources/T_MobileMenu2.uasset" 511
"../../../Engine/Content/MobileResources/T_MobileMenu2.uexp" 512
"../../../Engine/Content/MobileResources/HUD/AnalogHat.uasset" 513
"../../../Engine/Content/MobileResources/HUD/AnalogHat.uexp" 514
"../../../Engine/Content/MobileResources/HUD/VirtualJoystick_Thumb.uasset" 515
"../../../Engine/Content/MobileResources/HUD/VirtualJoystick_Thumb.uexp" 516
"../../../Engine/Content/MobileResources/HUD/VirtualJoystick_Background.uasset" 517
"../../../Engine/Content/MobileResources/HUD/VirtualJoystick_Background.uexp" 518
"../../../Engine/Content/MobileResources/HUD/DefaultVirtualJoysticks.uasset" 519
"../../../Engine/Content/MobileResources/HUD/DefaultVirtualJoysticks.uexp" 520
"../../../Engine/Content/MobileResources/HUD/LeftVirtualJoystickOnly.uasset" 521
"../../../Engine/Content/MobileResources/HUD/LeftVirtualJoystickOnly.uexp" 522
"../../../Engine/Content/MobileResources/HUD/MobileHUDButton1_off.uasset" 523
"../../../Engine/Content/MobileResources/HUD/MobileHUDButton1_off.uexp" 524
"../../../Engine/Content/MobileResources/HUD/MobileHUDButton1_on.uasset" 525
"../../../Engine/Content/MobileResources/HUD/MobileHUDButton1_on.uexp" 526
"../../../Engine/Content/MobileResources/HUD/MobileHUDButton2_off.uasset" 527
"../../../Engine/Content/MobileResources/HUD/MobileHUDButton2_off.uexp" 528
"../../../Engine/Content/MobileResources/HUD/MobileHUDButton2_on.uasset" 529
"../../../Engine/Content/MobileResources/HUD/MobileHUDButton2_on.uexp" 530
"../../../Engine/Content/MobileResources/HUD/MobileHUDButton3.uasset" 531
"../../../Engine/Content/MobileResources/HUD/MobileHUDButton3.uexp" 532
"../../../Engine/Content/MobileResources/HUD/MobileHUDButtonFire.uasset" 533
"../../../Engine/Content/MobileResources/HUD/MobileHUDButtonFire.uexp" 534
"../../../Engine/Content/MobileResources/HUD/MobileHUDDirectionPad.uasset" 535
"../../../Engine/Content/MobileResources/HUD/MobileHUDDirectionPad.uexp" 536
"../../../Engine/Content/MobileResources/HUD/MobileHUDDirectionPad2.uasset" 537
"../../../Engine/Content/MobileResources/HUD/MobileHUDDirectionPad2.uexp" 538
"../../../Engine/Content/MobileResources/HUD/MobileHUDDirectionPad3.uasset" 539
"../../../Engine/Content/MobileResources/HUD/MobileHUDDirectionPad3.uexp" 540
"../../../Engine/Content/MobileResources/HUD/MobileHUDDirectionStick.uasset" 541
"../../../Engine/Content/MobileResources/HUD/MobileHUDDirectionStick.uexp" 542
"../../../Engine/Content/MobileResources/HUD/T_Castle_ThumbstickInner.uasset" 543
"../../../Engine/Content/MobileResources/HUD/T_Castle_ThumbstickInner.uexp" 544
"../../../Engine/Content/MobileResources/HUD/T_Castle_ThumbstickOutter.uasset" 545
"../../../Engine/Content/MobileResources/HUD/T_Castle_ThumbstickOutter.uexp" 546
"../../../Engine/Content/Tutorial/ContentIntroCurve.uasset" 547
"../../../Engine/Content/Tutorial/ContentIntroCurve.uexp" 548
"../../../Engine/Content/Tutorial/Basics/TutorialAssets/icon_tab_Levels_40x.uasset" 549
"../../../Engine/Content/Tutorial/Basics/TutorialAssets/icon_tab_Levels_40x.uexp" 550
"../../../Engine/Content/Tutorial/BlueprintTutorials/TutorialAssets/Blueprint_64x.uasset" 551
"../../../Engine/Content/Tutorial/BlueprintTutorials/TutorialAssets/Blueprint_64x.uexp" 552
"../../../Engine/Content/VREditor/TransformGizmo/TranslucentTransformGizmoMaterial.uasset" 553
"../../../Engine/Content/VREditor/TransformGizmo/TranslucentTransformGizmoMaterial.uexp" 554
"../../../Engine/Content/VREditor/LaserPointer/VR_LaserPower_01.uasset" 555
"../../../Engine/Content/VREditor/LaserPointer/VR_LaserPower_01.uexp" 556
"../../../Engine/Content/VREditor/LaserPointer/VR_LaserPower_01.ubulk" 557
"../../../Engine/Content/VREditor/TransformGizmo/TransformGizmoMaterial.uasset" 558
"../../../Engine/Content/VREditor/TransformGizmo/TransformGizmoMaterial.uexp" 559
"../../../Engine/Content/VREditor/TransformGizmo/BoundingBoxCorner.uasset" 560
"../../../Engine/Content/VREditor/TransformGizmo/BoundingBoxCorner.uexp" 561
"../../../Engine/Content/VREditor/TransformGizmo/BoundingBoxEdge.uasset" 562
"../../../Engine/Content/VREditor/TransformGizmo/BoundingBoxEdge.uexp" 563
"../../../Engine/Content/VREditor/TransformGizmo/PlaneTranslationHandle.uasset" 564
"../../../Engine/Content/VREditor/TransformGizmo/PlaneTranslationHandle.uexp" 565
"../../../Engine/Content/VREditor/TransformGizmo/Xray.uasset" 566
"../../../Engine/Content/VREditor/TransformGizmo/Xray.uexp" 567
"../../../Engine/Content/VREditor/TransformGizmo/Main.uasset" 568
"../../../Engine/Content/VREditor/TransformGizmo/Main.uexp" 569
"../../../Engine/Content/VREditor/TransformGizmo/SM_Sequencer_Key.uasset" 570
"../../../Engine/Content/VREditor/TransformGizmo/SM_Sequencer_Key.uexp" 571
"../../../Engine/Content/VREditor/TransformGizmo/SM_Sequencer_Node.uasset" 572
"../../../Engine/Content/VREditor/TransformGizmo/SM_Sequencer_Node.uexp" 573
"../../../Engine/Plugins/2D/Paper2D/Content/PlaceholderTextures/DummySpriteTexture.uasset" 574
"../../../Engine/Plugins/2D/Paper2D/Content/PlaceholderTextures/DummySpriteTexture.uexp" 575
"../../../Engine/Plugins/2D/Paper2D/Content/PlaceholderTextures/DummySpriteTexture.ubulk" 576
"../../../Engine/Plugins/2D/Paper2D/Content/DummySprite.uasset" 577
"../../../Engine/Plugins/2D/Paper2D/Content/DummySprite.uexp" 578
"../../../Engine/Plugins/2D/Paper2D/Content/DefaultPaperTerrainMaterial.uasset" 579
"../../../Engine/Plugins/2D/Paper2D/Content/DefaultPaperTerrainMaterial.uexp" 580
"../../../Engine/Plugins/2D/Paper2D/Content/DefaultSpriteMaterial.uasset" 581
"../../../Engine/Plugins/2D/Paper2D/Content/DefaultSpriteMaterial.uexp" 582
"../../../Engine/Plugins/2D/Paper2D/Content/MaskedUnlitSpriteMaterial.uasset" 583
"../../../Engine/Plugins/2D/Paper2D/Content/MaskedUnlitSpriteMaterial.uexp" 584
"../../../Engine/Plugins/2D/Paper2D/Content/OpaqueUnlitSpriteMaterial.uasset" 585
"../../../Engine/Plugins/2D/Paper2D/Content/OpaqueUnlitSpriteMaterial.uexp" 586
"../../../Engine/Content/Functions/Engine_MaterialFunctions02/ObjectLocalBounds.uasset" 587
"../../../Engine/Content/Functions/Engine_MaterialFunctions02/ObjectLocalBounds.uexp" 588
"../../../Engine/Content/Functions/Engine_MaterialFunctions02/Utility/VectorLength.uasset" 589
"../../../Engine/Content/Functions/Engine_MaterialFunctions02/Utility/VectorLength.uexp" 590
"../../../Engine/Content/Functions/Engine_MaterialFunctions02/WorldPositionOffset/ObjectScale.uasset" 591
"../../../Engine/Content/Functions/Engine_MaterialFunctions02/WorldPositionOffset/ObjectScale.uexp" 592
"../../../Engine/Content/Functions/Engine_MaterialFunctions02/Utility/BreakOutFloat3Components.uasset" 593
"../../../Engine/Content/Functions/Engine_MaterialFunctions02/Utility/BreakOutFloat3Components.uexp" 594
"../../../Engine/Plugins/Editor/SpeedTreeImporter/Content/SpeedTree9/UnpackInteger3.uasset" 595
"../../../Engine/Plugins/Editor/SpeedTreeImporter/Content/SpeedTree9/UnpackInteger3.uexp" 596
"../../../Engine/Plugins/Editor/SpeedTreeImporter/Content/SpeedTree9/UnpackDirection.uasset" 597
"../../../Engine/Plugins/Editor/SpeedTreeImporter/Content/SpeedTree9/UnpackDirection.uexp" 598
"../../../Engine/Plugins/Editor/SpeedTreeImporter/Content/SpeedTree9/game_wind_noise.uasset" 599
"../../../Engine/Plugins/Editor/SpeedTreeImporter/Content/SpeedTree9/game_wind_noise.uexp" 600
"../../../Engine/Plugins/Editor/SpeedTreeImporter/Content/SpeedTree9/game_wind_noise.ubulk" 601
"../../../Engine/Content/Functions/Engine_MaterialFunctions02/SafeNormalize.uasset" 602
"../../../Engine/Content/Functions/Engine_MaterialFunctions02/SafeNormalize.uexp" 603
"../../../Engine/Plugins/Editor/SpeedTreeImporter/Content/SpeedTree9/SpeedTreeWindMotion.uasset" 604
"../../../Engine/Plugins/Editor/SpeedTreeImporter/Content/SpeedTree9/SpeedTreeWindMotion.uexp" 605
"../../../Engine/Plugins/Editor/SpeedTreeImporter/Content/SpeedTree9/SpeedTreeBranchMotion.uasset" 606
"../../../Engine/Plugins/Editor/SpeedTreeImporter/Content/SpeedTree9/SpeedTreeBranchMotion.uexp" 607
"../../../Engine/Content/Functions/Engine_MaterialFunctions02/UVs/BoundingBoxBased_0-1_UVW.uasset" 608
"../../../Engine/Content/Functions/Engine_MaterialFunctions02/UVs/BoundingBoxBased_0-1_UVW.uexp" 609
"../../../Engine/Plugins/Editor/SpeedTreeImporter/Content/SpeedTree9/SpeedTreeWind.uasset" 610
"../../../Engine/Plugins/Editor/SpeedTreeImporter/Content/SpeedTree9/SpeedTreeWind.uexp" 611
"../../../Engine/Plugins/Editor/SpeedTreeImporter/Content/SpeedTree9/SpeedTreeBillboard.uasset" 612
"../../../Engine/Plugins/Editor/SpeedTreeImporter/Content/SpeedTree9/SpeedTreeBillboard.uexp" 613
"../../../Engine/Plugins/Editor/SpeedTreeImporter/Content/SpeedTree9/EmptyNormal.uasset" 614
"../../../Engine/Plugins/Editor/SpeedTreeImporter/Content/SpeedTree9/EmptyNormal.uexp" 615
"../../../Engine/Plugins/Editor/SpeedTreeImporter/Content/SpeedTree9/Empty.uasset" 616
"../../../Engine/Plugins/Editor/SpeedTreeImporter/Content/SpeedTree9/Empty.uexp" 617
"../../../Engine/Plugins/Editor/SpeedTreeImporter/Content/SpeedTree9/SpeedTreeBillboardMaster.uasset" 618
"../../../Engine/Plugins/Editor/SpeedTreeImporter/Content/SpeedTree9/SpeedTreeBillboardMaster.uexp" 619
"../../../Engine/Plugins/Editor/SpeedTreeImporter/Content/SpeedTree9/SpeedTreeCameraFacing.uasset" 620
"../../../Engine/Plugins/Editor/SpeedTreeImporter/Content/SpeedTree9/SpeedTreeCameraFacing.uexp" 621
"../../../Engine/Plugins/Editor/SpeedTreeImporter/Content/SpeedTree9/SpeedTreeMaster.uasset" 622
"../../../Engine/Plugins/Editor/SpeedTreeImporter/Content/SpeedTree9/SpeedTreeMaster.uexp" 623
"../../../Engine/Content/BasicShapes/Cylinder.uasset" 624
"../../../Engine/Content/BasicShapes/Cylinder.uexp" 625
"../../../Engine/Content/ArtTools/RenderToTexture/Materials/Debug/M_Emissive_Color.uasset" 626
"../../../Engine/Content/ArtTools/RenderToTexture/Materials/Debug/M_Emissive_Color.uexp" 627
"../../../Engine/Plugins/Lumin/MagicLeapPassableWorld/Content/MagicLeapARPinInfoActor.uasset" 628
"../../../Engine/Plugins/Lumin/MagicLeapPassableWorld/Content/MagicLeapARPinInfoActor.uexp" 629
"../../../Engine/Plugins/Runtime/OpenXR/Content/Devices/GoogleDaydream/MRTexture.uasset" 630
"../../../Engine/Plugins/Runtime/OpenXR/Content/Devices/GoogleDaydream/MRTexture.uexp" 631
"../../../Engine/Plugins/Runtime/OpenXR/Content/Devices/GoogleDaydream/MRTexture.ubulk" 632
"../../../Engine/Plugins/Runtime/OpenXR/Content/Devices/GoogleDaydream/BaseTexture.uasset" 633
"../../../Engine/Plugins/Runtime/OpenXR/Content/Devices/GoogleDaydream/BaseTexture.uexp" 634
"../../../Engine/Plugins/Runtime/OpenXR/Content/Devices/GoogleDaydream/BaseTexture.ubulk" 635
"../../../Engine/Content/EngineResources/Black.uasset" 636
"../../../Engine/Content/EngineResources/Black.uexp" 637
"../../../Engine/Plugins/Runtime/OpenXR/Content/Devices/M_XRController.uasset" 638
"../../../Engine/Plugins/Runtime/OpenXR/Content/Devices/M_XRController.uexp" 639
"../../../Engine/Plugins/Runtime/OpenXR/Content/Devices/GoogleDaydream/MI_GoogleDaydream.uasset" 640
"../../../Engine/Plugins/Runtime/OpenXR/Content/Devices/GoogleDaydream/MI_GoogleDaydream.uexp" 641
"../../../Engine/Plugins/Runtime/OpenXR/Content/Devices/GoogleDaydream/GoogleDaydreamController.uasset" 642
"../../../Engine/Plugins/Runtime/OpenXR/Content/Devices/GoogleDaydream/GoogleDaydreamController.uexp" 643
"../../../Engine/Plugins/Runtime/OpenXR/Content/Devices/HTCVive/BaseTexture.uasset" 644
"../../../Engine/Plugins/Runtime/OpenXR/Content/Devices/HTCVive/BaseTexture.uexp" 645
"../../../Engine/Plugins/Runtime/OpenXR/Content/Devices/HTCVive/BaseTexture.ubulk" 646
"../../../Engine/Plugins/Runtime/OpenXR/Content/Devices/HTCVive/MI_HTCVive.uasset" 647
"../../../Engine/Plugins/Runtime/OpenXR/Content/Devices/HTCVive/MI_HTCVive.uexp" 648
"../../../Engine/Plugins/Runtime/OpenXR/Content/Devices/HTCVive/HTCViveController.uasset" 649
"../../../Engine/Plugins/Runtime/OpenXR/Content/Devices/HTCVive/HTCViveController.uexp" 650
"../../../Engine/Plugins/Runtime/OpenXR/Content/Devices/MicrosoftMixedReality/NormalTexture.uasset" 651
"../../../Engine/Plugins/Runtime/OpenXR/Content/Devices/MicrosoftMixedReality/NormalTexture.uexp" 652
"../../../Engine/Plugins/Runtime/OpenXR/Content/Devices/MicrosoftMixedReality/NormalTexture.ubulk" 653
"../../../Engine/Plugins/Runtime/OpenXR/Content/Devices/MicrosoftMixedReality/MRTexture.uasset" 654
"../../../Engine/Plugins/Runtime/OpenXR/Content/Devices/MicrosoftMixedReality/MRTexture.uexp" 655
"../../../Engine/Plugins/Runtime/OpenXR/Content/Devices/MicrosoftMixedReality/MRTexture.ubulk" 656
"../../../Engine/Plugins/Runtime/OpenXR/Content/Devices/MicrosoftMixedReality/EmissiveTexture.uasset" 657
"../../../Engine/Plugins/Runtime/OpenXR/Content/Devices/MicrosoftMixedReality/EmissiveTexture.uexp" 658
"../../../Engine/Plugins/Runtime/OpenXR/Content/Devices/MicrosoftMixedReality/EmissiveTexture.ubulk" 659
"../../../Engine/Plugins/Runtime/OpenXR/Content/Devices/MicrosoftMixedReality/BaseTexture.uasset" 660
"../../../Engine/Plugins/Runtime/OpenXR/Content/Devices/MicrosoftMixedReality/BaseTexture.uexp" 661
"../../../Engine/Plugins/Runtime/OpenXR/Content/Devices/MicrosoftMixedReality/BaseTexture.ubulk" 662
"../../../Engine/Plugins/Runtime/OpenXR/Content/Devices/MicrosoftMixedReality/MI_MicrosoftMixedReality.uasset" 663
"../../../Engine/Plugins/Runtime/OpenXR/Content/Devices/MicrosoftMixedReality/MI_MicrosoftMixedReality.uexp" 664
"../../../Engine/Plugins/Runtime/OpenXR/Content/Devices/MicrosoftMixedReality/Left/left_MicrosoftMixedRealityController.uasset" 665
"../../../Engine/Plugins/Runtime/OpenXR/Content/Devices/MicrosoftMixedReality/Left/left_MicrosoftMixedRealityController.uexp" 666
"../../../Engine/Plugins/Runtime/OpenXR/Content/Devices/MicrosoftMixedReality/Right/right_MicrosoftMixedRealityController.uasset" 667
"../../../Engine/Plugins/Runtime/OpenXR/Content/Devices/MicrosoftMixedReality/Right/right_MicrosoftMixedRealityController.uexp" 668
"../../../Engine/Plugins/Runtime/OpenXR/Content/Devices/OculusGo/BaseTexture.uasset" 669
"../../../Engine/Plugins/Runtime/OpenXR/Content/Devices/OculusGo/BaseTexture.uexp" 670
"../../../Engine/Plugins/Runtime/OpenXR/Content/Devices/OculusGo/BaseTexture.ubulk" 671
"../../../Engine/Plugins/Runtime/OpenXR/Content/Devices/OculusGo/MI_OculusGo.uasset" 672
"../../../Engine/Plugins/Runtime/OpenXR/Content/Devices/OculusGo/MI_OculusGo.uexp" 673
"../../../Engine/Plugins/Runtime/OpenXR/Content/Devices/OculusGo/OculusGoController.uasset" 674
"../../../Engine/Plugins/Runtime/OpenXR/Content/Devices/OculusGo/OculusGoController.uexp" 675
"../../../Engine/Plugins/Runtime/OpenXR/Content/Devices/OculusTouch/MRTexture.uasset" 676
"../../../Engine/Plugins/Runtime/OpenXR/Content/Devices/OculusTouch/MRTexture.uexp" 677
"../../../Engine/Plugins/Runtime/OpenXR/Content/Devices/OculusTouch/MRTexture.ubulk" 678
"../../../Engine/Plugins/Runtime/OpenXR/Content/Devices/OculusTouch/BaseTexture.uasset" 679
"../../../Engine/Plugins/Runtime/OpenXR/Content/Devices/OculusTouch/BaseTexture.uexp" 680
"../../../Engine/Plugins/Runtime/OpenXR/Content/Devices/OculusTouch/BaseTexture.ubulk" 681
"../../../Engine/Plugins/Runtime/OpenXR/Content/Devices/OculusTouch/MI_OculusTouch.uasset" 682
"../../../Engine/Plugins/Runtime/OpenXR/Content/Devices/OculusTouch/MI_OculusTouch.uexp" 683
"../../../Engine/Plugins/Runtime/OpenXR/Content/Devices/OculusTouch/Left/left_OculusTouchController.uasset" 684
"../../../Engine/Plugins/Runtime/OpenXR/Content/Devices/OculusTouch/Left/left_OculusTouchController.uexp" 685
"../../../Engine/Plugins/Runtime/OpenXR/Content/Devices/OculusTouch/Right/right_OculusTouchController.uasset" 686
"../../../Engine/Plugins/Runtime/OpenXR/Content/Devices/OculusTouch/Right/right_OculusTouchController.uexp" 687
"../../../Engine/Plugins/Runtime/OpenXR/Content/Devices/OculusTouch_v2/MRTexture.uasset" 688
"../../../Engine/Plugins/Runtime/OpenXR/Content/Devices/OculusTouch_v2/MRTexture.uexp" 689
"../../../Engine/Plugins/Runtime/OpenXR/Content/Devices/OculusTouch_v2/MRTexture.ubulk" 690
"../../../Engine/Plugins/Runtime/OpenXR/Content/Devices/OculusTouch_v2/BaseTexture.uasset" 691
"../../../Engine/Plugins/Runtime/OpenXR/Content/Devices/OculusTouch_v2/BaseTexture.uexp" 692
"../../../Engine/Plugins/Runtime/OpenXR/Content/Devices/OculusTouch_v2/BaseTexture.ubulk" 693
"../../../Engine/Plugins/Runtime/OpenXR/Content/Devices/OculusTouch_v2/MI_OculusTouch_v2.uasset" 694
"../../../Engine/Plugins/Runtime/OpenXR/Content/Devices/OculusTouch_v2/MI_OculusTouch_v2.uexp" 695
"../../../Engine/Plugins/Runtime/OpenXR/Content/Devices/OculusTouch_v2/Left/left_OculusTouch_v2Controller.uasset" 696
"../../../Engine/Plugins/Runtime/OpenXR/Content/Devices/OculusTouch_v2/Left/left_OculusTouch_v2Controller.uexp" 697
"../../../Engine/Plugins/Runtime/OpenXR/Content/Devices/OculusTouch_v2/Right/right_OculusTouch_v2Controller.uasset" 698
"../../../Engine/Plugins/Runtime/OpenXR/Content/Devices/OculusTouch_v2/Right/right_OculusTouch_v2Controller.uexp" 699
"../../../Engine/Plugins/Runtime/OpenXR/Content/Devices/OculusTouch_v3/MRTexture.uasset" 700
"../../../Engine/Plugins/Runtime/OpenXR/Content/Devices/OculusTouch_v3/MRTexture.uexp" 701
"../../../Engine/Plugins/Runtime/OpenXR/Content/Devices/OculusTouch_v3/MRTexture.ubulk" 702
"../../../Engine/Plugins/Runtime/OpenXR/Content/Devices/OculusTouch_v3/BaseTexture.uasset" 703
"../../../Engine/Plugins/Runtime/OpenXR/Content/Devices/OculusTouch_v3/BaseTexture.uexp" 704
"../../../Engine/Plugins/Runtime/OpenXR/Content/Devices/OculusTouch_v3/BaseTexture.ubulk" 705
"../../../Engine/Plugins/Runtime/OpenXR/Content/Devices/OculusTouch_v3/MI_OculusTouch_v3.uasset" 706
"../../../Engine/Plugins/Runtime/OpenXR/Content/Devices/OculusTouch_v3/MI_OculusTouch_v3.uexp" 707
"../../../Engine/Plugins/Runtime/OpenXR/Content/Devices/OculusTouch_v3/Left/left_OculusTouch_v3Controller.uasset" 708
"../../../Engine/Plugins/Runtime/OpenXR/Content/Devices/OculusTouch_v3/Left/left_OculusTouch_v3Controller.uexp" 709
"../../../Engine/Plugins/Runtime/OpenXR/Content/Devices/OculusTouch_v3/Right/right_OculusTouch_v3Controller.uasset" 710
"../../../Engine/Plugins/Runtime/OpenXR/Content/Devices/OculusTouch_v3/Right/right_OculusTouch_v3Controller.uexp" 711
"../../../Engine/Plugins/Runtime/OpenXR/Content/Devices/ValveIndex/MRTexture.uasset" 712
"../../../Engine/Plugins/Runtime/OpenXR/Content/Devices/ValveIndex/MRTexture.uexp" 713
"../../../Engine/Plugins/Runtime/OpenXR/Content/Devices/ValveIndex/MRTexture.ubulk" 714
"../../../Engine/Plugins/Runtime/OpenXR/Content/Devices/ValveIndex/BaseTexture.uasset" 715
"../../../Engine/Plugins/Runtime/OpenXR/Content/Devices/ValveIndex/BaseTexture.uexp" 716
"../../../Engine/Plugins/Runtime/OpenXR/Content/Devices/ValveIndex/BaseTexture.ubulk" 717
"../../../Engine/Plugins/Runtime/OpenXR/Content/Devices/ValveIndex/Left/MI_left_ValveIndex.uasset" 718
"../../../Engine/Plugins/Runtime/OpenXR/Content/Devices/ValveIndex/Left/MI_left_ValveIndex.uexp" 719
"../../../Engine/Plugins/Runtime/OpenXR/Content/Devices/ValveIndex/Left/left_ValveIndexController.uasset" 720
"../../../Engine/Plugins/Runtime/OpenXR/Content/Devices/ValveIndex/Left/left_ValveIndexController.uexp" 721
"../../../Engine/Plugins/Runtime/OpenXR/Content/Devices/ValveIndex/Right/MI_right_ValveIndex.uasset" 722
"../../../Engine/Plugins/Runtime/OpenXR/Content/Devices/ValveIndex/Right/MI_right_ValveIndex.uexp" 723
"../../../Engine/Plugins/Runtime/OpenXR/Content/Devices/ValveIndex/Right/right_ValveIndexController.uasset" 724
"../../../Engine/Plugins/Runtime/OpenXR/Content/Devices/ValveIndex/Right/right_ValveIndexController.uexp" 725
"../../../Engine/Content/Functions/Engine_MaterialFunctions02/Utility/BreakOutFloat4Components.uasset" 726
"../../../Engine/Content/Functions/Engine_MaterialFunctions02/Utility/BreakOutFloat4Components.uexp" 727
"../../../Engine/Content/Functions/Engine_MaterialFunctions02/Utility/MakeFloat3.uasset" 728
"../../../Engine/Content/Functions/Engine_MaterialFunctions02/Utility/MakeFloat3.uexp" 729
"../../../Engine/Plugins/Runtime/Oculus/OculusVR/Content/Materials/OculusMR_ChromaKey.uasset" 730
"../../../Engine/Plugins/Runtime/Oculus/OculusVR/Content/Materials/OculusMR_ChromaKey.uexp" 731
"../../../Engine/Plugins/Runtime/Oculus/OculusVR/Content/Materials/OculusMR_OpaqueColoredMaterial.uasset" 732
"../../../Engine/Plugins/Runtime/Oculus/OculusVR/Content/Materials/OculusMR_OpaqueColoredMaterial.uexp" 733
"../../../Engine/Plugins/Runtime/Oculus/OculusVR/Content/Materials/PokeAHoleMaterial.uasset" 734
"../../../Engine/Plugins/Runtime/Oculus/OculusVR/Content/Materials/PokeAHoleMaterial.uexp" 735
"../../../Engine/Plugins/Runtime/Oculus/OculusVR/Content/Textures/touchController_controlmap.uasset" 736
"../../../Engine/Plugins/Runtime/Oculus/OculusVR/Content/Textures/touchController_controlmap.uexp" 737
"../../../Engine/Plugins/Runtime/Oculus/OculusVR/Content/Textures/touchController_controlmap.ubulk" 738
"../../../Engine/Plugins/Runtime/Oculus/OculusVR/Content/Textures/touchController_albedo.uasset" 739
"../../../Engine/Plugins/Runtime/Oculus/OculusVR/Content/Textures/touchController_albedo.uexp" 740
"../../../Engine/Plugins/Runtime/Oculus/OculusVR/Content/Textures/touchController_albedo.ubulk" 741
"../../../Engine/Plugins/Runtime/Oculus/OculusVR/Content/Materials/touchController_mat.uasset" 742
"../../../Engine/Plugins/Runtime/Oculus/OculusVR/Content/Materials/touchController_mat.uexp" 743
"../../../Engine/Plugins/Runtime/Oculus/OculusVR/Content/Meshes/LeftTouchController.uasset" 744
"../../../Engine/Plugins/Runtime/Oculus/OculusVR/Content/Meshes/LeftTouchController.uexp" 745
"../../../Engine/Plugins/Runtime/Oculus/OculusVR/Content/Textures/TouchForQuestRiftSController_albedo.uasset" 746
"../../../Engine/Plugins/Runtime/Oculus/OculusVR/Content/Textures/TouchForQuestRiftSController_albedo.uexp" 747
"../../../Engine/Plugins/Runtime/Oculus/OculusVR/Content/Textures/TouchForQuestRiftSController_albedo.ubulk" 748
"../../../Engine/Plugins/Runtime/Oculus/OculusVR/Content/Materials/TouchForQuestRiftSControllerMaterial.uasset" 749
"../../../Engine/Plugins/Runtime/Oculus/OculusVR/Content/Materials/TouchForQuestRiftSControllerMaterial.uexp" 750
"../../../Engine/Plugins/Runtime/Oculus/OculusVR/Content/Meshes/LeftTouchForQuestRiftSController.uasset" 751
"../../../Engine/Plugins/Runtime/Oculus/OculusVR/Content/Meshes/LeftTouchForQuestRiftSController.uexp" 752
"../../../Engine/Plugins/Runtime/Oculus/OculusVR/Content/Meshes/RiftHMD.uasset" 753
"../../../Engine/Plugins/Runtime/Oculus/OculusVR/Content/Meshes/RiftHMD.uexp" 754
"../../../Engine/Plugins/Runtime/Oculus/OculusVR/Content/Meshes/RightTouchController.uasset" 755
"../../../Engine/Plugins/Runtime/Oculus/OculusVR/Content/Meshes/RightTouchController.uexp" 756
"../../../Engine/Plugins/Runtime/Oculus/OculusVR/Content/Meshes/RightTouchForQuestRiftSController.uasset" 757
"../../../Engine/Plugins/Runtime/Oculus/OculusVR/Content/Meshes/RightTouchForQuestRiftSController.uexp" 758
"G:/Projects/MuffinRoyale/Content/Main/MainMenuGameMode.uasset" 759
"G:/Projects/MuffinRoyale/Content/Main/MainMenuGameMode.uexp" 760
"G:/Projects/MuffinRoyale/Content/Main/Maps/MainMenuLevel.uexp" 761
"G:/Projects/MuffinRoyale/Content/Main/Maps/MainMenuLevel.umap" 762
"../../../Engine/Content/EngineSky/T_Sky_Stars.uasset" 763
"../../../Engine/Content/EngineSky/T_Sky_Stars.uexp" 764
"../../../Engine/Content/EngineSky/T_Sky_Stars.ubulk" 765
"../../../Engine/Content/EngineSky/T_Sky_Clouds_M.uasset" 766
"../../../Engine/Content/EngineSky/T_Sky_Clouds_M.uexp" 767
"../../../Engine/Content/EngineSky/T_Sky_Clouds_M.ubulk" 768
"../../../Engine/Content/EngineSky/T_Sky_Blue.uasset" 769
"../../../Engine/Content/EngineSky/T_Sky_Blue.uexp" 770
"../../../Engine/Content/EngineSky/T_Sky_Blue.ubulk" 771
"../../../Engine/Content/EngineSky/M_Sky_Panning_Clouds2.uasset" 772
"../../../Engine/Content/EngineSky/M_Sky_Panning_Clouds2.uexp" 773
"G:/Projects/MuffinRoyale/Content/Main/Maps/TopDownExampleMap_BuiltData.uasset" 774
"G:/Projects/MuffinRoyale/Content/Main/Maps/TopDownExampleMap_BuiltData.uexp" 775
"G:/Projects/MuffinRoyale/Content/Main/Maps/TopDownExampleMap_BuiltData.ubulk" 776
"../../../Engine/Content/EngineSky/SM_SkySphere.uasset" 777
"../../../Engine/Content/EngineSky/SM_SkySphere.uexp" 778
"../../../Engine/Content/EngineSky/C_Sky_Zenith_Color.uasset" 779
"../../../Engine/Content/EngineSky/C_Sky_Zenith_Color.uexp" 780
"../../../Engine/Content/EngineSky/C_Sky_Horizon_Color.uasset" 781
"../../../Engine/Content/EngineSky/C_Sky_Horizon_Color.uexp" 782
"../../../Engine/Content/EngineSky/C_Sky_Cloud_Color.uasset" 783
"../../../Engine/Content/EngineSky/C_Sky_Cloud_Color.uexp" 784
"../../../Engine/Content/EngineSky/BP_Sky_Sphere.uasset" 785
"../../../Engine/Content/EngineSky/BP_Sky_Sphere.uexp" 786
"G:/Projects/MuffinRoyale/Content/Main/Building/Meshes/1M_Cube_Chamfer.uasset" 787
"G:/Projects/MuffinRoyale/Content/Main/Building/Meshes/1M_Cube_Chamfer.uexp" 788
"G:/Projects/MuffinRoyale/Content/Main/Maps/TopDownExampleMap.uexp" 789
"G:/Projects/MuffinRoyale/Content/Main/Maps/TopDownExampleMap.umap" 790
"../../../Engine/Content/Maps/Entry_BuiltData.uasset" 791
"../../../Engine/Content/Maps/Entry_BuiltData.uexp" 792
"../../../Engine/Content/Maps/Entry.uexp" 793
"../../../Engine/Content/Maps/Entry.umap" 794
